<?xml version="1.0" encoding="UTF-8"?>
<!-- Generated by org.testng.reporters.JUnitXMLReporter -->
<testsuite ignored="0" hostname="nirav-Inspiron-3558" failures="0" tests="5" name="Default test" time="39.729" errors="0" timestamp="2021-07-26T20:09:18 IST">
  <testcase classname="alerts.AlertTest" name="testAlertAccept" time="1.979"/>
  <testcase classname="alerts.AlertTest" name="testJSConfirmAccept" time="0.591"/>
  <testcase classname="alerts.AlertTest" name="testJSConfirmCancel" time="0.695"/>
  <testcase classname="alerts.AlertTest" name="testPromptWithValueAndOK" time="0.794"/>
  <testcase classname="alerts.AlertTest" name="testPromptWithoutValueAndCancle" time="0.617"/>
</testsuite> <!-- Default test -->
