<?xml version="1.0" encoding="UTF-8"?>
<!-- Generated by org.testng.reporters.JUnitXMLReporter -->
<testsuite ignored="0" hostname="nirav-Inspiron-3558" failures="0" tests="5" name="Default test" time="14.99" errors="0" timestamp="2021-07-24T23:15:01 IST">
  <testcase classname="alerts.AlertTest" name="testAlertAccept" time="0.659"/>
  <testcase classname="alerts.AlertTest" name="testJSConfirmAccept" time="0.616"/>
  <testcase classname="alerts.AlertTest" name="testJSConfirmCancel" time="0.642"/>
  <testcase classname="alerts.AlertTest" name="testPromptWithValueAndOK" time="0.699"/>
  <testcase classname="alerts.AlertTest" name="testPromptWithoutValueAndCancle" time="0.598"/>
</testsuite> <!-- Default test -->
