<?xml version="1.0" encoding="UTF-8"?>
<!-- Generated by org.testng.reporters.JUnitXMLReporter -->
<testsuite ignored="0" hostname="nirav-Inspiron-3558" failures="1" tests="5" name="Test" time="13.647" errors="0" timestamp="2021-02-25T18:49:44 IST">
  <testcase classname="alerts.AlertTest" name="testAlertAccept" time="0.813">
    <failure type="java.lang.AssertionError" message="result_text is incorrect expected [You successfuly clicked an alert] but found [You successfully clicked an alert]">
      <![CDATA[java.lang.AssertionError: result_text is incorrect expected [You successfuly clicked an alert] but found [You successfully clicked an alert]
at alerts.AlertTest.testAlertAccept(AlertTest.java:19)
at java.base/java.util.ArrayList.forEach(ArrayList.java:1511)
... Removed 32 stack frames]]>
    </failure>
  </testcase> <!-- testAlertAccept -->
  <testcase classname="alerts.AlertTest" name="testJSConfirmAccept" time="0.646"/>
  <testcase classname="alerts.AlertTest" name="testJSConfirmCancel" time="0.65"/>
  <testcase classname="alerts.AlertTest" name="testPromptWithValueAndOK" time="0.683"/>
  <testcase classname="alerts.AlertTest" name="testPromptWithoutValueAndCancle" time="1.951"/>
</testsuite> <!-- Test -->
