<?xml version="1.0" encoding="UTF-8"?>
<!-- Generated by org.testng.reporters.JUnitXMLReporter -->
<testsuite ignored="0" hostname="nirav-Inspiron-3558" failures="1" tests="1" name="Test" time="12.437" errors="0" timestamp="2021-07-30T16:40:37 IST">
  <testcase classname="multiplewindow.MultipleWindowTest" name="testMultipleWindow on [MultipleWindowTest passed=0 failed=0 skipped=0]" time="0.639">
    <failure type="java.lang.AssertionError" message="str_parent_win_title is INCORRECT expected [The Internet11111111] but found [The Internet]">
      <![CDATA[java.lang.AssertionError: str_parent_win_title is INCORRECT expected [The Internet11111111] but found [The Internet]
at multiplewindow.MultipleWindowTest.testMultipleWindow(MultipleWindowTest.java:27)
at java.base/java.util.concurrent.ThreadPoolExecutor.runWorker(ThreadPoolExecutor.java:1130)
at java.base/java.util.concurrent.ThreadPoolExecutor$Worker.run(ThreadPoolExecutor.java:630)
at java.base/java.lang.Thread.run(Thread.java:832)
... Removed 17 stack frames]]>
    </failure>
  </testcase> <!-- testMultipleWindow on [MultipleWindowTest passed=0 failed=0 skipped=0] -->
</testsuite> <!-- Test -->
