<?xml version="1.0" encoding="UTF-8"?>
<!-- Generated by org.testng.reporters.JUnitXMLReporter -->
<testsuite ignored="0" hostname="nirav-Inspiron-3558" failures="0" tests="5" name="Test" time="29.944" errors="0" timestamp="2021-02-25T19:14:50 IST">
  <testcase classname="alerts.AlertTest" name="testAlertAccept" time="2.617"/>
  <testcase classname="alerts.AlertTest" name="testJSConfirmAccept" time="0.791"/>
  <testcase classname="alerts.AlertTest" name="testJSConfirmCancel" time="0.797"/>
  <testcase classname="alerts.AlertTest" name="testPromptWithValueAndOK" time="0.745"/>
  <testcase classname="alerts.AlertTest" name="testPromptWithoutValueAndCancle" time="0.817"/>
</testsuite> <!-- Test -->
