<?xml version="1.0" encoding="UTF-8"?>
<testng-results ignored="0" total="5" passed="5" failed="0" skipped="0">
  <reporter-output>
  </reporter-output>
  <suite started-at="2021-02-26T16:54:41 IST" name="Suite" finished-at="2021-02-26T16:55:41 IST" duration-ms="59846">
    <groups>
    </groups>
    <test started-at="2021-02-26T16:54:41 IST" name="Test" finished-at="2021-02-26T16:55:41 IST" duration-ms="59846">
      <class name="alerts.AlertTest">
        <test-method is-config="true" signature="setUp()[pri:0, instance:alerts.AlertTest@7bb58ca3]" started-at="2021-02-26T16:54:41 IST" name="setUp" finished-at="2021-02-26T16:55:28 IST" duration-ms="46636" status="PASS">
          <reporter-output>
          </reporter-output>
        </test-method> <!-- setUp -->
        <test-method is-config="true" signature="goHome()[pri:0, instance:alerts.AlertTest@7bb58ca3]" started-at="2021-02-26T16:55:28 IST" name="goHome" finished-at="2021-02-26T16:55:32 IST" duration-ms="3848" status="PASS">
          <reporter-output>
          </reporter-output>
        </test-method> <!-- goHome -->
        <test-method signature="testAlertAccept()[pri:0, instance:alerts.AlertTest@7bb58ca3]" started-at="2021-02-26T16:55:32 IST" name="testAlertAccept" finished-at="2021-02-26T16:55:35 IST" duration-ms="3192" status="PASS">
          <reporter-output>
          </reporter-output>
        </test-method> <!-- testAlertAccept -->
        <test-method is-config="true" signature="goHome()[pri:0, instance:alerts.AlertTest@7bb58ca3]" started-at="2021-02-26T16:55:35 IST" name="goHome" finished-at="2021-02-26T16:55:36 IST" duration-ms="485" status="PASS">
          <reporter-output>
          </reporter-output>
        </test-method> <!-- goHome -->
        <test-method signature="testJSConfirmAccept()[pri:0, instance:alerts.AlertTest@7bb58ca3]" started-at="2021-02-26T16:55:36 IST" name="testJSConfirmAccept" finished-at="2021-02-26T16:55:36 IST" duration-ms="702" status="PASS">
          <reporter-output>
          </reporter-output>
        </test-method> <!-- testJSConfirmAccept -->
        <test-method is-config="true" signature="goHome()[pri:0, instance:alerts.AlertTest@7bb58ca3]" started-at="2021-02-26T16:55:36 IST" name="goHome" finished-at="2021-02-26T16:55:37 IST" duration-ms="405" status="PASS">
          <reporter-output>
          </reporter-output>
        </test-method> <!-- goHome -->
        <test-method signature="testJSConfirmCancel()[pri:0, instance:alerts.AlertTest@7bb58ca3]" started-at="2021-02-26T16:55:37 IST" name="testJSConfirmCancel" finished-at="2021-02-26T16:55:37 IST" duration-ms="596" status="PASS">
          <reporter-output>
          </reporter-output>
        </test-method> <!-- testJSConfirmCancel -->
        <test-method is-config="true" signature="goHome()[pri:0, instance:alerts.AlertTest@7bb58ca3]" started-at="2021-02-26T16:55:37 IST" name="goHome" finished-at="2021-02-26T16:55:38 IST" duration-ms="362" status="PASS">
          <reporter-output>
          </reporter-output>
        </test-method> <!-- goHome -->
        <test-method signature="testPromptWithValueAndOK()[pri:0, instance:alerts.AlertTest@7bb58ca3]" started-at="2021-02-26T16:55:38 IST" name="testPromptWithValueAndOK" finished-at="2021-02-26T16:55:38 IST" duration-ms="747" status="PASS">
          <reporter-output>
          </reporter-output>
        </test-method> <!-- testPromptWithValueAndOK -->
        <test-method is-config="true" signature="goHome()[pri:0, instance:alerts.AlertTest@7bb58ca3]" started-at="2021-02-26T16:55:38 IST" name="goHome" finished-at="2021-02-26T16:55:39 IST" duration-ms="400" status="PASS">
          <reporter-output>
          </reporter-output>
        </test-method> <!-- goHome -->
        <test-method signature="testPromptWithoutValueAndCancle()[pri:0, instance:alerts.AlertTest@7bb58ca3]" started-at="2021-02-26T16:55:39 IST" name="testPromptWithoutValueAndCancle" finished-at="2021-02-26T16:55:39 IST" duration-ms="613" status="PASS">
          <reporter-output>
          </reporter-output>
        </test-method> <!-- testPromptWithoutValueAndCancle -->
        <test-method is-config="true" signature="tearDown()[pri:0, instance:alerts.AlertTest@7bb58ca3]" started-at="2021-02-26T16:55:39 IST" name="tearDown" finished-at="2021-02-26T16:55:41 IST" duration-ms="1408" status="PASS">
          <reporter-output>
          </reporter-output>
        </test-method> <!-- tearDown -->
      </class> <!-- alerts.AlertTest -->
    </test> <!-- Test -->
  </suite> <!-- Suite -->
</testng-results>
