<?xml version="1.0" encoding="UTF-8"?>
<testsuite xmlns:xsi="http://www.w3.org/2001/XMLSchema-instance" xsi:noNamespaceSchemaLocation="https://maven.apache.org/surefire/maven-surefire-plugin/xsd/surefire-test-report-3.0.xsd" version="3.0" name="TestSuite" time="13.865" tests="1" errors="0" skipped="0" failures="1">
  <properties>
[...]
</properties>
  <testcase name="testMultipleWindow on [MultipleWindowTest passed=0 failed=0 skipped=0]" classname="multiplewindow.MultipleWindowTest" time="0.595">
    <failure message="str_parent_win_title is INCORRECT expected [The Internet11111111] but found [The Internet]" type="java.lang.AssertionError"><![CDATA[java.lang.AssertionError: str_parent_win_title is INCORRECT expected [The Internet11111111] but found [The Internet]
	at multiplewindow.MultipleWindowTest.testMultipleWindow(MultipleWindowTest.java:27)
]]></failure>
    <system-out><![CDATA[setting up suite
setting end suite
Parentwindow Title :The Internet
Parentwindow Heading :Opening a new window
Parentwindow ID :CDwindow-4C39D1DD01AA4DC2230295CDE6C22CB5
]]></system-out>
    <system-err><![CDATA[SLF4J: Failed to load class "org.slf4j.impl.StaticLoggerBinder".
SLF4J: Defaulting to no-operation (NOP) logger implementation
SLF4J: See http://www.slf4j.org/codes.html#StaticLoggerBinder for further details.
Starting ChromeDriver 92.0.4515.107 (87a818b10553a07434ea9e2b6dccf3cbe7895134-refs/branch-heads/4515@{#1634}) on port 14217
Only local connections are allowed.
Please see https://chromedriver.chromium.org/security-considerations for suggestions on keeping ChromeDriver safe.
ChromeDriver was started successfully.
Jul 30, 2021 4:40:29 PM org.openqa.selenium.remote.ProtocolHandshake createSession
INFO: Detected dialect: W3C
]]></system-err>
  </testcase>
</testsuite>