<?xml version="1.0" encoding="UTF-8"?>
<testng-results ignored="0" total="1" passed="1" failed="0" skipped="0">
  <reporter-output>
  </reporter-output>
  <suite started-at="2021-02-05T19:43:56 IST" name="Default suite" finished-at="2021-02-05T19:44:10 IST" duration-ms="13704">
    <groups>
    </groups>
    <test started-at="2021-02-05T19:43:56 IST" name="Default test" finished-at="2021-02-05T19:44:10 IST" duration-ms="13704">
      <class name="multiplewindow.MultipleWindowTest">
        <test-method is-config="true" signature="setUp()[pri:0, instance:multiplewindow.MultipleWindowTest@27c86f2d]" started-at="2021-02-05T19:43:56 IST" name="setUp" finished-at="2021-02-05T19:43:58 IST" duration-ms="2078" status="PASS">
          <reporter-output>
          </reporter-output>
        </test-method> <!-- setUp -->
        <test-method is-config="true" signature="goHome()[pri:0, instance:multiplewindow.MultipleWindowTest@27c86f2d]" started-at="2021-02-05T19:43:58 IST" name="goHome" finished-at="2021-02-05T19:44:08 IST" duration-ms="10068" status="PASS">
          <reporter-output>
          </reporter-output>
        </test-method> <!-- goHome -->
        <test-method signature="testMultipleWindow()[pri:0, instance:multiplewindow.MultipleWindowTest@27c86f2d]" started-at="2021-02-05T19:44:08 IST" name="testMultipleWindow" finished-at="2021-02-05T19:44:10 IST" duration-ms="1315" status="PASS">
          <reporter-output>
          </reporter-output>
        </test-method> <!-- testMultipleWindow -->
        <test-method is-config="true" signature="tearDown()[pri:0, instance:multiplewindow.MultipleWindowTest@27c86f2d]" started-at="2021-02-05T19:44:10 IST" name="tearDown" finished-at="2021-02-05T19:44:10 IST" duration-ms="189" status="PASS">
          <reporter-output>
          </reporter-output>
        </test-method> <!-- tearDown -->
      </class> <!-- multiplewindow.MultipleWindowTest -->
    </test> <!-- Default test -->
  </suite> <!-- Default suite -->
</testng-results>
